[debug] [2022-11-21T18:15:08.408Z] ----------------------------------------------------------------------
[debug] [2022-11-21T18:15:08.410Z] Command:       C:\Program Files\nodejs\node.exe C:\Users\XREMERINA\AppData\Roaming\npm\node_modules\firebase-tools\lib\bin\firebase.js init
[debug] [2022-11-21T18:15:08.410Z] CLI Version:   11.16.1
[debug] [2022-11-21T18:15:08.410Z] Platform:      win32
[debug] [2022-11-21T18:15:08.410Z] Node Version:  v18.12.1
[debug] [2022-11-21T18:15:08.411Z] Time:          Tue Nov 22 2022 00:15:08 GMT+0600 (Bangladesh Standard Time)
[debug] [2022-11-21T18:15:08.411Z] ----------------------------------------------------------------------
[debug] 
[debug] [2022-11-21T18:15:08.472Z] Object "" in "firebase.json" has unknown property: {"additionalProperty":"rewrites"}
[debug] [2022-11-21T18:15:08.477Z] > command requires scopes: ["email","openid","https://www.googleapis.com/auth/cloudplatformprojects.readonly","https://www.googleapis.com/auth/firebase","https://www.googleapis.com/auth/cloud-platform"]
[debug] [2022-11-21T18:15:08.477Z] > authorizing via signed-in user (labbi5689@gmail.com)
[debug] [2022-11-21T18:15:08.478Z] Object "" in "firebase.json" has unknown property: {"additionalProperty":"rewrites"}
[info] 
     ######## #### ########  ######## ########     ###     ######  ########
     ##        ##  ##     ## ##       ##     ##  ##   ##  ##       ##
     ######    ##  ########  ######   ########  #########  ######  ######
     ##        ##  ##    ##  ##       ##     ## ##     ##       ## ##
     ##       #### ##     ## ######## ########  ##     ##  ######  ########

You're about to initialize a Firebase project in this directory:

  C:\Users\XREMERINA\Desktop\WEBProgramming\Projects\amazon__clone

Before we get started, keep in mind:

  * You are initializing within an existing Firebase project directory

[info] 
=== Project Setup
[info] 
[info] First, let's associate this project directory with a Firebase project.
[info] You can create multiple project aliases by running firebase use --add, 
[info] but for now we'll just set up a default project.
[info] 
[debug] [2022-11-21T18:15:15.388Z] Using project from CLI flag: challenge-45921
[debug] [2022-11-21T18:15:15.390Z] >>> [apiv2][query] GET https://firebase.googleapis.com/v1beta1/projects/challenge-45921 [none]
[debug] [2022-11-21T18:15:16.220Z] <<< [apiv2][status] GET https://firebase.googleapis.com/v1beta1/projects/challenge-45921 200
[debug] [2022-11-21T18:15:16.220Z] <<< [apiv2][body] GET https://firebase.googleapis.com/v1beta1/projects/challenge-45921 {"projectId":"challenge-45921","projectNumber":"901997339891","displayName":"amazon-challenge","name":"projects/challenge-45921","resources":{"hostingSite":"challenge-45921"},"state":"ACTIVE","etag":"1_cb1396e8-8579-4087-a8cf-99b7216f8d79"}
[info] i  Using project challenge-45921 (amazon-challenge) 
[info] 
=== Hosting Setup
[info] 
[info] Your public directory is the folder (relative to your project directory) that
[info] will contain Hosting assets to be uploaded with firebase deploy. If you
[info] have a build process for your assets, use your build's output directory.
[info] 
[debug] [2022-11-21T18:15:46.439Z] >>> [apiv2][query] GET https://www.gstatic.com/firebasejs/releases.json [none]
[debug] [2022-11-21T18:15:46.638Z] <<< [apiv2][status] GET https://www.gstatic.com/firebasejs/releases.json 200
[debug] [2022-11-21T18:15:46.638Z] <<< [apiv2][body] GET https://www.gstatic.com/firebasejs/releases.json {"current":{"version":"9.14.0","browserURL":"https://www.gstatic.com/firebasejs/9.14.0/firebase.js","packageURL":"https://www.gstatic.com/firebasejs/9.14.0/firebase.tgz"},"live":{"version":"9.14","browserURL":"https://www.gstatic.com/firebasejs/live/9.14/firebase.js","packageURL":"https://www.gstatic.com/firebasejs/live/9.14/firebase.tgz"},"components":{"analytics":"https://www.gstatic.com/firebasejs/9.14.0/firebase-analytics.js","app":"https://www.gstatic.com/firebasejs/9.14.0/firebase-app.js","app-check":"https://www.gstatic.com/firebasejs/9.14.0/firebase-app-check.js","auth":"https://www.gstatic.com/firebasejs/9.14.0/firebase-auth.js","auth/cordova":"https://www.gstatic.com/firebasejs/9.14.0/firebase-auth/cordova.js","auth/react-native":"https://www.gstatic.com/firebasejs/9.14.0/firebase-auth/react-native.js","functions":"https://www.gstatic.com/firebasejs/9.14.0/firebase-functions.js","firestore":"https://www.gstatic.com/firebasejs/9.14.0/firebase-firestore.js","firestore/lite":"https://www.gstatic.com/firebasejs/9.14.0/firebase-firestore/lite.js","installations":"https://www.gstatic.com/firebasejs/9.14.0/firebase-installations.js","storage":"https://www.gstatic.com/firebasejs/9.14.0/firebase-storage.js","performance":"https://www.gstatic.com/firebasejs/9.14.0/firebase-performance.js","remote-config":"https://www.gstatic.com/firebasejs/9.14.0/firebase-remote-config.js","messaging":"https://www.gstatic.com/firebasejs/9.14.0/firebase-messaging.js","messaging/sw":"https://www.gstatic.com/firebasejs/9.14.0/firebase-messaging/sw.js","database":"https://www.gstatic.com/firebasejs/9.14.0/firebase-database.js","firestore.memory":"https://www.gstatic.com/firebasejs/9.14.0/firebase-firestore.memory.js"}}
